# JRE version: Java(TM) SE Runtime Environment (21.0.1+12) (build 21.0.1+12-LTS-29)
# Java VM: Java HotSpot(TM) 64-Bit Server VM (21.0.1+12-LTS-29, mixed mode, sharing, tiered, compressed oops, compressed class ptrs, g1 gc, windows-amd64)
GC Precious Log:
 CardTable entry size: 512
 Card Set container configuration: InlinePtr #cards 5 size 8 Array Of Cards #cards 12 size 40 Howl #buckets 4 coarsen threshold 1843 Howl Bitmap #cards 512 size 80 coarsen threshold 460 Card regions per heap region 1 cards per card region 2048
 CPUs: 12 total, 12 available
 Memory: 8059M
 Large Page Support: Disabled
 NUMA Support: Disabled
 Compressed Oops: Enabled (32-bit)
 Heap Region Size: 1M
 Heap Min Capacity: 8M
 Heap Initial Capacity: 126M
 Heap Max Capacity: 2016M
 Pre-touch: Disabled
 Parallel Workers: 10
 Concurrent Workers: 3
 Concurrent Refinement Workers: 10
 Periodic GC: Disabled
Heap:
 garbage-first heap   total 273408K, used 161079K [0x0000000082000000, 0x0000000100000000)
  region size 1024K, 2 young (2048K), 2 survivors (2048K)
 Metaspace       used 8124K, committed 8384K, reserved 1114112K
  class space    used 915K, committed 1024K, reserved 1048576K
GC Heap History (15 events):
Event: 0.318 GC heap before
{Heap before GC invocations=0 (full 0):
 garbage-first heap   total 129024K, used 6144K [0x0000000082000000, 0x0000000100000000)
  region size 1024K, 8 young (8192K), 0 survivors (0K)
 Metaspace       used 4975K, committed 5184K, reserved 1114112K
  class space    used 523K, committed 640K, reserved 1048576K
}
Event: 0.321 GC heap after
{Heap after GC invocations=1 (full 0):
 garbage-first heap   total 129024K, used 2928K [0x0000000082000000, 0x0000000100000000)
  region size 1024K, 3 young (3072K), 3 survivors (3072K)
 Metaspace       used 4975K, committed 5184K, reserved 1114112K
  class space    used 523K, committed 640K, reserved 1048576K
}
Event: 0.810 GC heap before
{Heap before GC invocations=1 (full 0):
 garbage-first heap   total 262144K, used 162672K [0x0000000082000000, 0x0000000100000000)
  region size 1024K, 22 young (22528K), 3 survivors (3072K)
 Metaspace       used 5100K, committed 5312K, reserved 1114112K
  class space    used 529K, committed 640K, reserved 1048576K
}
Event: 0.813 GC heap after
{Heap after GC invocations=2 (full 0):
 garbage-first heap   total 262144K, used 144449K [0x0000000082000000, 0x0000000100000000)
  region size 1024K, 1 young (1024K), 1 survivors (1024K)
 Metaspace       used 5100K, committed 5312K, reserved 1114112K
  class space    used 529K, committed 640K, reserved 1048576K
}
Event: 1.296 GC heap before
{Heap before GC invocations=2 (full 0):
 garbage-first heap   total 262144K, used 244801K [0x0000000082000000, 0x0000000100000000)
  region size 1024K, 100 young (102400K), 1 survivors (1024K)
 Metaspace       used 5105K, committed 5312K, reserved 1114112K
  class space    used 530K, committed 640K, reserved 1048576K
}
Event: 1.297 GC heap after
{Heap after GC invocations=3 (full 0):
 garbage-first heap   total 262144K, used 144092K [0x0000000082000000, 0x0000000100000000)
  region size 1024K, 1 young (1024K), 1 survivors (1024K)
 Metaspace       used 5105K, committed 5312K, reserved 1114112K
  class space    used 530K, committed 640K, reserved 1048576K
}
Event: 1.544 GC heap before
{Heap before GC invocations=4 (full 0):
 garbage-first heap   total 262144K, used 244444K [0x0000000082000000, 0x0000000100000000)
  region size 1024K, 100 young (102400K), 1 survivors (1024K)
 Metaspace       used 5105K, committed 5312K, reserved 1114112K
  class space    used 530K, committed 640K, reserved 1048576K
}
Event: 1.545 GC heap after
{Heap after GC invocations=5 (full 0):
 garbage-first heap   total 262144K, used 144003K [0x0000000082000000, 0x0000000100000000)
  region size 1024K, 1 young (1024K), 1 survivors (1024K)
 Metaspace       used 5105K, committed 5312K, reserved 1114112K
  class space    used 530K, committed 640K, reserved 1048576K
}
Event: 1.713 GC heap before
{Heap before GC invocations=5 (full 0):
 garbage-first heap   total 262144K, used 216707K [0x0000000082000000, 0x0000000100000000)
  region size 1024K, 74 young (75776K), 1 survivors (1024K)
 Metaspace       used 5115K, committed 5312K, reserved 1114112K
  class space    used 532K, committed 640K, reserved 1048576K
}
Event: 1.714 GC heap after
{Heap after GC invocations=6 (full 0):
 garbage-first heap   total 262144K, used 144039K [0x0000000082000000, 0x0000000100000000)
  region size 1024K, 1 young (1024K), 1 survivors (1024K)
 Metaspace       used 5115K, committed 5312K, reserved 1114112K
  class space    used 532K, committed 640K, reserved 1048576K
}
Event: 2.708 GC heap before
{Heap before GC invocations=7 (full 0):
 garbage-first heap   total 262144K, used 162471K [0x0000000082000000, 0x0000000100000000)
  region size 1024K, 15 young (15360K), 1 survivors (1024K)
 Metaspace       used 7397K, committed 7616K, reserved 1114112K
  class space    used 793K, committed 896K, reserved 1048576K
}
Event: 2.711 GC heap after
{Heap after GC invocations=8 (full 0):
 garbage-first heap   total 262144K, used 149434K [0x0000000082000000, 0x0000000100000000)
  region size 1024K, 1 young (1024K), 1 survivors (1024K)
 Metaspace       used 7397K, committed 7616K, reserved 1114112K
  class space    used 793K, committed 896K, reserved 1048576K
}
Event: 8.264 GC heap before
{Heap before GC invocations=9 (full 0):
 garbage-first heap   total 268288K, used 160698K [0x0000000082000000, 0x0000000100000000)
  region size 1024K, 5 young (5120K), 1 survivors (1024K)
 Metaspace       used 8123K, committed 8384K, reserved 1114112K
  class space    used 915K, committed 1024K, reserved 1048576K
}
Event: 8.265 GC heap after
{Heap after GC invocations=10 (full 0):
 garbage-first heap   total 268288K, used 159073K [0x0000000082000000, 0x0000000100000000)
  region size 1024K, 2 young (2048K), 2 survivors (2048K)
 Metaspace       used 8123K, committed 8384K, reserved 1114112K
  class space    used 915K, committed 1024K, reserved 1048576K
}
Event: 8.278 GC heap before
{Heap before GC invocations=11 (full 0):
 garbage-first heap   total 273408K, used 163169K [0x0000000082000000, 0x0000000100000000)
  region size 1024K, 5 young (5120K), 2 survivors (2048K)
 Metaspace       used 8124K, committed 8384K, reserved 1114112K
  class space    used 915K, committed 1024K, reserved 1048576K
}

