# JRE version: OpenJDK Runtime Environment Temurin-17.0.10+7 (17.0.10+7) (build 17.0.10+7)
# Java VM: OpenJDK 64-Bit Server VM Temurin-17.0.10+7 (17.0.10+7, mixed mode, tiered, compressed oops, compressed class ptrs, parallel gc, windows-amd64)
GC Precious Log:
 CPUs: 12 total, 12 available
 Memory: 8059M
 Large Page Support: Disabled
 NUMA Support: Disabled
 Compressed Oops: Enabled (32-bit)
 Alignments: Space 512K, Generation 512K, Heap 2M
 Heap Min Capacity: 100M
 Heap Initial Capacity: 100M
 Heap Max Capacity: 1G
 Pre-touch: Disabled
 Parallel Workers: 10
Heap:
 PSYoungGen      total 80384K, used 35146K [0x00000000eab00000, 0x00000000f4580000, 0x0000000100000000)
  eden space 54272K, 40% used [0x00000000eab00000,0x00000000ec0b6bb0,0x00000000ee000000)
  from space 26112K, 49% used [0x00000000ee000000,0x00000000eec9be18,0x00000000ef980000)
  to   space 50688K, 0% used [0x00000000f1400000,0x00000000f1400000,0x00000000f4580000)
 ParOldGen       total 374272K, used 373638K [0x00000000c0000000, 0x00000000d6d80000, 0x00000000eab00000)
  object space 374272K, 99% used [0x00000000c0000000,0x00000000d6ce18c0,0x00000000d6d80000)
 Metaspace       used 78165K, committed 79488K, reserved 1179648K
  class space    used 8333K, committed 8960K, reserved 1048576K
GC Heap History (20 events):
Event: 33.728 GC heap before
{Heap before GC invocations=123 (full 10):
 PSYoungGen      total 40960K, used 40959K [0x00000000eab00000, 0x00000000ee780000, 0x0000000100000000)
  eden space 32256K, 100% used [0x00000000eab00000,0x00000000eca80000,0x00000000eca80000)
  from space 8704K, 99% used [0x00000000eca80000,0x00000000ed2ffd88,0x00000000ed300000)
  to   space 14336K, 0% used [0x00000000ed980000,0x00000000ed980000,0x00000000ee780000)
 ParOldGen       total 312832K, used 277032K [0x00000000c0000000, 0x00000000d3180000, 0x00000000eab00000)
  object space 312832K, 88% used [0x00000000c0000000,0x00000000d0e8a278,0x00000000d3180000)
 Metaspace       used 77600K, committed 78848K, reserved 1179648K
  class space    used 8332K, committed 8896K, reserved 1048576K
}
Event: 33.740 GC heap after
{Heap after GC invocations=123 (full 10):
 PSYoungGen      total 42496K, used 7157K [0x00000000eab00000, 0x00000000ee080000, 0x0000000100000000)
  eden space 35328K, 0% used [0x00000000eab00000,0x00000000eab00000,0x00000000ecd80000)
  from space 7168K, 99% used [0x00000000ed980000,0x00000000ee07d6d0,0x00000000ee080000)
  to   space 9216K, 0% used [0x00000000ece80000,0x00000000ece80000,0x00000000ed780000)
 ParOldGen       total 312832K, used 284955K [0x00000000c0000000, 0x00000000d3180000, 0x00000000eab00000)
  object space 312832K, 91% used [0x00000000c0000000,0x00000000d1646da8,0x00000000d3180000)
 Metaspace       used 77600K, committed 78848K, reserved 1179648K
  class space    used 8332K, committed 8896K, reserved 1048576K
}
Event: 33.867 GC heap before
{Heap before GC invocations=124 (full 10):
 PSYoungGen      total 42496K, used 42485K [0x00000000eab00000, 0x00000000ee080000, 0x0000000100000000)
  eden space 35328K, 100% used [0x00000000eab00000,0x00000000ecd80000,0x00000000ecd80000)
  from space 7168K, 99% used [0x00000000ed980000,0x00000000ee07d6d0,0x00000000ee080000)
  to   space 9216K, 0% used [0x00000000ece80000,0x00000000ece80000,0x00000000ed780000)
 ParOldGen       total 312832K, used 284955K [0x00000000c0000000, 0x00000000d3180000, 0x00000000eab00000)
  object space 312832K, 91% used [0x00000000c0000000,0x00000000d1646da8,0x00000000d3180000)
 Metaspace       used 77607K, committed 78912K, reserved 1179648K
  class space    used 8332K, committed 8896K, reserved 1048576K
}
Event: 33.880 GC heap after
{Heap after GC invocations=124 (full 10):
 PSYoungGen      total 45568K, used 9215K [0x00000000eab00000, 0x00000000ef200000, 0x0000000100000000)
  eden space 36352K, 0% used [0x00000000eab00000,0x00000000eab00000,0x00000000ece80000)
  from space 9216K, 99% used [0x00000000ece80000,0x00000000ed77fdf0,0x00000000ed780000)
  to   space 16896K, 0% used [0x00000000ee180000,0x00000000ee180000,0x00000000ef200000)
 ParOldGen       total 312832K, used 290826K [0x00000000c0000000, 0x00000000d3180000, 0x00000000eab00000)
  object space 312832K, 92% used [0x00000000c0000000,0x00000000d1c02a20,0x00000000d3180000)
 Metaspace       used 77607K, committed 78912K, reserved 1179648K
  class space    used 8332K, committed 8896K, reserved 1048576K
}
Event: 34.077 GC heap before
{Heap before GC invocations=125 (full 10):
 PSYoungGen      total 45568K, used 45567K [0x00000000eab00000, 0x00000000ef200000, 0x0000000100000000)
  eden space 36352K, 100% used [0x00000000eab00000,0x00000000ece80000,0x00000000ece80000)
  from space 9216K, 99% used [0x00000000ece80000,0x00000000ed77fdf0,0x00000000ed780000)
  to   space 16896K, 0% used [0x00000000ee180000,0x00000000ee180000,0x00000000ef200000)
 ParOldGen       total 312832K, used 290826K [0x00000000c0000000, 0x00000000d3180000, 0x00000000eab00000)
  object space 312832K, 92% used [0x00000000c0000000,0x00000000d1c02a20,0x00000000d3180000)
 Metaspace       used 77610K, committed 78912K, reserved 1179648K
  class space    used 8332K, committed 8896K, reserved 1048576K
}
Event: 34.099 GC heap after
{Heap after GC invocations=125 (full 10):
 PSYoungGen      total 48640K, used 8388K [0x00000000eab00000, 0x00000000eea00000, 0x0000000100000000)
  eden space 39936K, 0% used [0x00000000eab00000,0x00000000eab00000,0x00000000ed200000)
  from space 8704K, 96% used [0x00000000ee180000,0x00000000ee9b12f8,0x00000000eea00000)
  to   space 11264K, 0% used [0x00000000ed400000,0x00000000ed400000,0x00000000edf00000)
 ParOldGen       total 312832K, used 299431K [0x00000000c0000000, 0x00000000d3180000, 0x00000000eab00000)
  object space 312832K, 95% used [0x00000000c0000000,0x00000000d2469e30,0x00000000d3180000)
 Metaspace       used 77610K, committed 78912K, reserved 1179648K
  class space    used 8332K, committed 8896K, reserved 1048576K
}
Event: 34.221 GC heap before
{Heap before GC invocations=126 (full 10):
 PSYoungGen      total 48640K, used 48324K [0x00000000eab00000, 0x00000000eea00000, 0x0000000100000000)
  eden space 39936K, 100% used [0x00000000eab00000,0x00000000ed200000,0x00000000ed200000)
  from space 8704K, 96% used [0x00000000ee180000,0x00000000ee9b12f8,0x00000000eea00000)
  to   space 11264K, 0% used [0x00000000ed400000,0x00000000ed400000,0x00000000edf00000)
 ParOldGen       total 312832K, used 299431K [0x00000000c0000000, 0x00000000d3180000, 0x00000000eab00000)
  object space 312832K, 95% used [0x00000000c0000000,0x00000000d2469e30,0x00000000d3180000)
 Metaspace       used 77610K, committed 78912K, reserved 1179648K
  class space    used 8332K, committed 8896K, reserved 1048576K
}
Event: 34.231 GC heap after
{Heap after GC invocations=126 (full 10):
 PSYoungGen      total 53248K, used 11259K [0x00000000eab00000, 0x00000000efb80000, 0x0000000100000000)
  eden space 41984K, 0% used [0x00000000eab00000,0x00000000eab00000,0x00000000ed400000)
  from space 11264K, 99% used [0x00000000ed400000,0x00000000edefedf8,0x00000000edf00000)
  to   space 19456K, 0% used [0x00000000ee880000,0x00000000ee880000,0x00000000efb80000)
 ParOldGen       total 312832K, used 305874K [0x00000000c0000000, 0x00000000d3180000, 0x00000000eab00000)
  object space 312832K, 97% used [0x00000000c0000000,0x00000000d2ab4b68,0x00000000d3180000)
 Metaspace       used 77610K, committed 78912K, reserved 1179648K
  class space    used 8332K, committed 8896K, reserved 1048576K
}
Event: 34.231 GC heap before
{Heap before GC invocations=127 (full 11):
 PSYoungGen      total 53248K, used 11259K [0x00000000eab00000, 0x00000000efb80000, 0x0000000100000000)
  eden space 41984K, 0% used [0x00000000eab00000,0x00000000eab00000,0x00000000ed400000)
  from space 11264K, 99% used [0x00000000ed400000,0x00000000edefedf8,0x00000000edf00000)
  to   space 19456K, 0% used [0x00000000ee880000,0x00000000ee880000,0x00000000efb80000)
 ParOldGen       total 312832K, used 305874K [0x00000000c0000000, 0x00000000d3180000, 0x00000000eab00000)
  object space 312832K, 97% used [0x00000000c0000000,0x00000000d2ab4b68,0x00000000d3180000)
 Metaspace       used 77610K, committed 78912K, reserved 1179648K
  class space    used 8332K, committed 8896K, reserved 1048576K
}
Event: 34.496 GC heap after
{Heap after GC invocations=127 (full 11):
 PSYoungGen      total 53248K, used 975K [0x00000000eab00000, 0x00000000efd80000, 0x0000000100000000)
  eden space 41984K, 0% used [0x00000000eab00000,0x00000000eab00000,0x00000000ed400000)
  from space 11264K, 8% used [0x00000000ed400000,0x00000000ed4f3e30,0x00000000edf00000)
  to   space 19456K, 0% used [0x00000000eea80000,0x00000000eea80000,0x00000000efd80000)
 ParOldGen       total 374272K, used 312632K [0x00000000c0000000, 0x00000000d6d80000, 0x00000000eab00000)
  object space 374272K, 83% used [0x00000000c0000000,0x00000000d314e078,0x00000000d6d80000)
 Metaspace       used 77610K, committed 78912K, reserved 1179648K
  class space    used 8332K, committed 8896K, reserved 1048576K
}
Event: 34.554 GC heap before
{Heap before GC invocations=128 (full 11):
 PSYoungGen      total 53248K, used 42959K [0x00000000eab00000, 0x00000000efd80000, 0x0000000100000000)
  eden space 41984K, 100% used [0x00000000eab00000,0x00000000ed400000,0x00000000ed400000)
  from space 11264K, 8% used [0x00000000ed400000,0x00000000ed4f3e30,0x00000000edf00000)
  to   space 19456K, 0% used [0x00000000eea80000,0x00000000eea80000,0x00000000efd80000)
 ParOldGen       total 374272K, used 312632K [0x00000000c0000000, 0x00000000d6d80000, 0x00000000eab00000)
  object space 374272K, 83% used [0x00000000c0000000,0x00000000d314e078,0x00000000d6d80000)
 Metaspace       used 77623K, committed 78912K, reserved 1179648K
  class space    used 8332K, committed 8896K, reserved 1048576K
}
Event: 34.578 GC heap after
{Heap after GC invocations=128 (full 11):
 PSYoungGen      total 59392K, used 13802K [0x00000000eab00000, 0x00000000ef800000, 0x0000000100000000)
  eden space 45568K, 0% used [0x00000000eab00000,0x00000000eab00000,0x00000000ed780000)
  from space 13824K, 99% used [0x00000000eea80000,0x00000000ef7faa10,0x00000000ef800000)
  to   space 15360K, 0% used [0x00000000eda00000,0x00000000eda00000,0x00000000ee900000)
 ParOldGen       total 374272K, used 313665K [0x00000000c0000000, 0x00000000d6d80000, 0x00000000eab00000)
  object space 374272K, 83% used [0x00000000c0000000,0x00000000d32504a0,0x00000000d6d80000)
 Metaspace       used 77623K, committed 78912K, reserved 1179648K
  class space    used 8332K, committed 8896K, reserved 1048576K
}
Event: 34.625 GC heap before
{Heap before GC invocations=129 (full 11):
 PSYoungGen      total 59392K, used 59370K [0x00000000eab00000, 0x00000000ef800000, 0x0000000100000000)
  eden space 45568K, 100% used [0x00000000eab00000,0x00000000ed780000,0x00000000ed780000)
  from space 13824K, 99% used [0x00000000eea80000,0x00000000ef7faa10,0x00000000ef800000)
  to   space 15360K, 0% used [0x00000000eda00000,0x00000000eda00000,0x00000000ee900000)
 ParOldGen       total 374272K, used 313665K [0x00000000c0000000, 0x00000000d6d80000, 0x00000000eab00000)
  object space 374272K, 83% used [0x00000000c0000000,0x00000000d32504a0,0x00000000d6d80000)
 Metaspace       used 77684K, committed 78976K, reserved 1179648K
  class space    used 8332K, committed 8896K, reserved 1048576K
}
Event: 34.637 GC heap after
{Heap after GC invocations=129 (full 11):
 PSYoungGen      total 63488K, used 15343K [0x00000000eab00000, 0x00000000f1a80000, 0x0000000100000000)
  eden space 48128K, 0% used [0x00000000eab00000,0x00000000eab00000,0x00000000eda00000)
  from space 15360K, 99% used [0x00000000eda00000,0x00000000ee8fbeb8,0x00000000ee900000)
  to   space 32256K, 0% used [0x00000000efb00000,0x00000000efb00000,0x00000000f1a80000)
 ParOldGen       total 374272K, used 327464K [0x00000000c0000000, 0x00000000d6d80000, 0x00000000eab00000)
  object space 374272K, 87% used [0x00000000c0000000,0x00000000d3fca260,0x00000000d6d80000)
 Metaspace       used 77684K, committed 78976K, reserved 1179648K
  class space    used 8332K, committed 8896K, reserved 1048576K
}
Event: 35.022 GC heap before
{Heap before GC invocations=130 (full 11):
 PSYoungGen      total 63488K, used 63471K [0x00000000eab00000, 0x00000000f1a80000, 0x0000000100000000)
  eden space 48128K, 100% used [0x00000000eab00000,0x00000000eda00000,0x00000000eda00000)
  from space 15360K, 99% used [0x00000000eda00000,0x00000000ee8fbeb8,0x00000000ee900000)
  to   space 32256K, 0% used [0x00000000efb00000,0x00000000efb00000,0x00000000f1a80000)
 ParOldGen       total 374272K, used 327464K [0x00000000c0000000, 0x00000000d6d80000, 0x00000000eab00000)
  object space 374272K, 87% used [0x00000000c0000000,0x00000000d3fca260,0x00000000d6d80000)
 Metaspace       used 77707K, committed 78976K, reserved 1179648K
  class space    used 8332K, committed 8896K, reserved 1048576K
}
Event: 35.048 GC heap after
{Heap after GC invocations=130 (full 11):
 PSYoungGen      total 76800K, used 24277K [0x00000000eab00000, 0x00000000f1300000, 0x0000000100000000)
  eden space 52224K, 0% used [0x00000000eab00000,0x00000000eab00000,0x00000000ede00000)
  from space 24576K, 98% used [0x00000000efb00000,0x00000000f12b5520,0x00000000f1300000)
  to   space 26112K, 0% used [0x00000000ee000000,0x00000000ee000000,0x00000000ef980000)
 ParOldGen       total 374272K, used 342520K [0x00000000c0000000, 0x00000000d6d80000, 0x00000000eab00000)
  object space 374272K, 91% used [0x00000000c0000000,0x00000000d4e7e398,0x00000000d6d80000)
 Metaspace       used 77707K, committed 78976K, reserved 1179648K
  class space    used 8332K, committed 8896K, reserved 1048576K
}
Event: 35.770 GC heap before
{Heap before GC invocations=131 (full 11):
 PSYoungGen      total 76800K, used 76501K [0x00000000eab00000, 0x00000000f1300000, 0x0000000100000000)
  eden space 52224K, 100% used [0x00000000eab00000,0x00000000ede00000,0x00000000ede00000)
  from space 24576K, 98% used [0x00000000efb00000,0x00000000f12b5520,0x00000000f1300000)
  to   space 26112K, 0% used [0x00000000ee000000,0x00000000ee000000,0x00000000ef980000)
 ParOldGen       total 374272K, used 342520K [0x00000000c0000000, 0x00000000d6d80000, 0x00000000eab00000)
  object space 374272K, 91% used [0x00000000c0000000,0x00000000d4e7e398,0x00000000d6d80000)
 Metaspace       used 78072K, committed 79424K, reserved 1179648K
  class space    used 8333K, committed 8960K, reserved 1048576K
}
Event: 35.830 GC heap after
{Heap after GC invocations=131 (full 11):
 PSYoungGen      total 80384K, used 26083K [0x00000000eab00000, 0x00000000f4580000, 0x0000000100000000)
  eden space 54272K, 0% used [0x00000000eab00000,0x00000000eab00000,0x00000000ee000000)
  from space 26112K, 99% used [0x00000000ee000000,0x00000000ef978cc8,0x00000000ef980000)
  to   space 50688K, 0% used [0x00000000f1400000,0x00000000f1400000,0x00000000f4580000)
 ParOldGen       total 374272K, used 363209K [0x00000000c0000000, 0x00000000d6d80000, 0x00000000eab00000)
  object space 374272K, 97% used [0x00000000c0000000,0x00000000d62b27f8,0x00000000d6d80000)
 Metaspace       used 78072K, committed 79424K, reserved 1179648K
  class space    used 8333K, committed 8960K, reserved 1048576K
}
Event: 35.830 GC heap before
{Heap before GC invocations=132 (full 12):
 PSYoungGen      total 80384K, used 26083K [0x00000000eab00000, 0x00000000f4580000, 0x0000000100000000)
  eden space 54272K, 0% used [0x00000000eab00000,0x00000000eab00000,0x00000000ee000000)
  from space 26112K, 99% used [0x00000000ee000000,0x00000000ef978cc8,0x00000000ef980000)
  to   space 50688K, 0% used [0x00000000f1400000,0x00000000f1400000,0x00000000f4580000)
 ParOldGen       total 374272K, used 363209K [0x00000000c0000000, 0x00000000d6d80000, 0x00000000eab00000)
  object space 374272K, 97% used [0x00000000c0000000,0x00000000d62b27f8,0x00000000d6d80000)
 Metaspace       used 78072K, committed 79424K, reserved 1179648K
  class space    used 8333K, committed 8960K, reserved 1048576K
}
Event: 36.139 GC heap after
{Heap after GC invocations=132 (full 12):
 PSYoungGen      total 80384K, used 12911K [0x00000000eab00000, 0x00000000f4580000, 0x0000000100000000)
  eden space 54272K, 0% used [0x00000000eab00000,0x00000000eab00000,0x00000000ee000000)
  from space 26112K, 49% used [0x00000000ee000000,0x00000000eec9be18,0x00000000ef980000)
  to   space 50688K, 0% used [0x00000000f1400000,0x00000000f1400000,0x00000000f4580000)
 ParOldGen       total 374272K, used 373638K [0x00000000c0000000, 0x00000000d6d80000, 0x00000000eab00000)
  object space 374272K, 99% used [0x00000000c0000000,0x00000000d6ce18c0,0x00000000d6d80000)
 Metaspace       used 78072K, committed 79424K, reserved 1179648K
  class space    used 8333K, committed 8960K, reserved 1048576K
}

